TN:
SF:E:\work_place\pandora\switchable\src\switchable.js
FN:1,(anonymous_1)
FN:57,(anonymous_2)
FN:71,(anonymous_3)
FN:80,start
FN:88,(anonymous_5)
FN:96,stop
FN:110,(anonymous_7)
FN:119,(anonymous_8)
FN:131,(anonymous_9)
FN:138,(anonymous_10)
FN:147,(anonymous_11)
FN:195,throttle
FN:199,f
FN:204,(anonymous_14)
FN:215,isInViewport
FNF:15
FNH:7
FNDA:1,(anonymous_1)
FNDA:2,(anonymous_2)
FNDA:2,(anonymous_3)
FNDA:2,start
FNDA:0,(anonymous_5)
FNDA:4,stop
FNDA:0,(anonymous_7)
FNDA:0,(anonymous_8)
FNDA:0,(anonymous_9)
FNDA:4,(anonymous_10)
FNDA:0,(anonymous_11)
FNDA:2,throttle
FNDA:0,f
FNDA:0,(anonymous_14)
FNDA:0,isInViewport
DA:1,1
DA:9,1
DA:17,1
DA:58,2
DA:60,2
DA:61,1
DA:63,2
DA:64,2
DA:65,2
DA:69,2
DA:72,2
DA:73,2
DA:74,2
DA:75,2
DA:76,2
DA:80,1
DA:82,2
DA:85,2
DA:88,2
DA:89,0
DA:90,0
DA:92,0
DA:96,1
DA:97,4
DA:98,2
DA:99,2
DA:101,4
DA:104,2
DA:106,2
DA:107,2
DA:110,2
DA:111,0
DA:113,2
DA:116,2
DA:121,0
DA:123,0
DA:124,0
DA:126,0
DA:127,0
DA:132,0
DA:133,0
DA:134,0
DA:135,0
DA:136,0
DA:139,4
DA:144,4
DA:145,0
DA:146,4
DA:147,0
DA:148,0
DA:151,4
DA:152,4
DA:153,4
DA:157,4
DA:162,4
DA:164,4
DA:165,2
DA:168,4
DA:170,4
DA:175,4
DA:177,4
DA:178,0
DA:179,0
DA:182,4
DA:183,4
DA:185,4
DA:190,1
DA:195,1
DA:196,2
DA:197,2
DA:199,1
DA:200,0
DA:201,0
DA:204,2
DA:205,0
DA:206,0
DA:207,0
DA:211,2
DA:215,1
DA:216,0
DA:217,0
DA:218,0
DA:219,0
DA:222,0
LF:84
LH:55
BRDA:60,1,0,1
BRDA:60,1,1,1
BRDA:64,2,0,2
BRDA:64,2,1,0
BRDA:67,3,0,2
BRDA:67,3,1,0
BRDA:69,4,0,2
BRDA:69,4,1,2
BRDA:89,5,0,0
BRDA:89,5,1,0
BRDA:97,6,0,2
BRDA:97,6,1,2
BRDA:111,7,0,0
BRDA:111,7,1,0
BRDA:123,8,0,0
BRDA:123,8,1,0
BRDA:123,8,2,0
BRDA:133,9,0,0
BRDA:133,9,1,0
BRDA:133,9,2,0
BRDA:144,10,0,0
BRDA:144,10,1,4
BRDA:146,11,0,0
BRDA:146,11,1,4
BRDA:152,12,0,4
BRDA:152,12,1,0
BRDA:164,13,0,2
BRDA:164,13,1,2
BRDA:168,14,0,4
BRDA:168,14,1,0
BRDA:177,15,0,0
BRDA:177,15,1,4
BRDA:196,16,0,2
BRDA:196,16,1,2
BRDA:205,17,0,0
BRDA:205,17,1,0
BRDA:222,18,0,0
BRDA:222,18,1,0
BRF:38
BRH:17
end_of_record
